N = 5202082
ACCCCTAG:CTAGGGGT	0	4.10	-6.65	0.000
ACCCTAGG:CCTAGGGT	0	1.13	-6.65	0.000
CCCTAGAC:GTCTAGGG	0	1.32	-6.65	0.000
CCCTAGGC:GCCTAGGG	0	5.79	-6.65	0.000
CCTAGGAA:TTCCTAGG	0	0.52	-6.65	0.000
CCTAGGAC:GTCCTAGG	0	0.56	-6.65	0.000
CCTAGGCC:GGCCTAGG	0	1.75	-6.65	0.000
CTCTAGAG:CTCTAGAG	0	11.50	-6.65	0.000
GCCTAGGA:TCCTAGGC	0	1.58	-6.65	0.000
GCCTAGGC:GCCTAGGC	0	5.26	-6.65	0.000
GGGCCCTA:TAGGGCCC	0	2.43	-6.65	0.000
GTCTAGAC:GTCTAGAC	0	5.57	-6.65	0.000
TCCTAGGA:TCCTAGGA	0	0.47	-6.65	0.000
TAGGCCTA:TAGGCCTA	2	57.61	-6.41	0.000
GGGGCCCC:GGGGCCCC	1	17.89	-6.27	0.000
ACCTAGGT:ACCTAGGT	1	10.32	-6.00	0.000
ACCTAGGG:CCCTAGGT	1	8.11	-5.82	0.000
AAGGCCTA:TAGGCCTT	11	84.41	-5.77	0.000
ACGGCCGT:ACGGCCGT	10	74.50	-5.75	0.000
GGTATACC:GGTATACC	30	222.15	-5.74	0.000
AGGGCCCT:AGGGCCCT	1	7.35	-5.74	0.000
GGGTACCC:GGGTACCC	8	58.61	-5.73	0.000
TCCGCGGA:TCCGCGGA	13	91.99	-5.70	0.000
GGCCGGCC:GGCCGGCC	5	35.22	-5.70	0.000
CTAGCTAC:GTAGCTAG	2	14.08	-5.70	0.000
AAGCGCTT:AAGCGCTT	39	271.70	-5.69	0.000
AAGATCTT:AAGATCTT	59	383.26	-5.62	0.000
ACAATTGT:ACAATTGT	25	161.56	-5.61	0.000
TCACGTGA:TCACGTGA	10	62.01	-5.57	0.000
ACAGCTGT:ACAGCTGT	37	227.88	-5.56	0.000
CAGATCTG:CAGATCTG	53	321.29	-5.54	0.000
GTGTACAC:GTGTACAC	13	78.58	-5.54	0.000
AGGTCCTA:TAGGACCT	1	5.80	-5.49	0.000
CACTAGTG:CACTAGTG	5	28.93	-5.49	0.000
CCCGCGGG:CCCGCGGG	18	103.80	-5.49	0.000
CTGATCAG:CTGATCAG	62	352.31	-5.47	0.000
TGCTAGCA:TGCTAGCA	5	28.02	-5.45	0.000
CCTTAAGG:CCTTAAGG	22	122.27	-5.44	0.000
TGTATACA:TGTATACA	17	94.24	-5.44	0.000
AGGATCCT:AGGATCCT	16	87.74	-5.43	0.000
CCACGTGG:CCACGTGG	9	48.89	-5.41	0.000
ACCCGGGT:ACCCGGGT	19	102.32	-5.40	0.000
TTGGCCAA:TTGGCCAA	21	111.96	-5.39	0.000
GCACGTGC:GCACGTGC	20	106.47	-5.39	0.000
GACATGTC:GACATGTC	25	133.02	-5.39	0.000
CAGGCCTG:CAGGCCTG	109	579.32	-5.39	0.000
TTCTAGAA:TTCTAGAA	3	15.85	-5.38	0.000
GGTCGACC:GGTCGACC	26	136.75	-5.37	0.000
TGAGCTCA:TGAGCTCA	12	62.29	-5.36	0.000
CCGTACGG:CCGTACGG	30	155.51	-5.35	0.000
CCGATCGG:CCGATCGG	45	227.94	-5.32	0.000
TCGATCGA:TCGATCGA	25	126.17	-5.32	0.000
CGCATGCG:CGCATGCG	32	160.81	-5.31	0.000
AGTACTAG:CTAGTACT	1	5.00	-5.31	0.000
CGGATCCG:CGGATCCG	34	169.79	-5.31	0.000
CTTATAAG:CTTATAAG	20	99.84	-5.30	0.000
GGTGCACC:GGTGCACC	47	231.72	-5.29	0.000
CGGCGCCG:CGGCGCCG	8	39.34	-5.28	0.000
ACATATGT:ACATATGT	17	83.45	-5.28	0.000
TGGCGCCA:TGGCGCCA	17	83.08	-5.28	0.000
GCCGCGGC:GCCGCGGC	69	337.14	-5.28	0.000
CAGCGCTG:CAGCGCTG	128	623.27	-5.27	0.000
CGAGCTCG:CGAGCTCG	8	38.92	-5.27	0.000
TCCCGGGA:TCCCGGGA	34	164.92	-5.27	0.000
AGACTAGA:TCTAGTCT	1	4.85	-5.26	0.000
AGATATCT:AGATATCT	46	222.85	-5.26	0.000
GGGCTAGA:TCTAGCCC	1	4.83	-5.26	0.000
CTAGTAGA:TCTACTAG	1	4.82	-5.26	0.000
GGCGCGCC:GGCGCGCC	203	973.44	-5.25	0.000
TAAGCTTA:TAAGCTTA	21	100.36	-5.25	0.000
GAACGTTC:GAACGTTC	64	305.29	-5.24	0.000
TCAATTGA:TCAATTGA	44	209.88	-5.24	0.000
AGCATGCT:AGCATGCT	37	175.86	-5.24	0.000
ACTTAAGT:ACTTAAGT	24	112.72	-5.22	0.000
GATCGATC:GATCGATC	73	342.15	-5.22	0.000
TGTTAACA:TGTTAACA	57	266.85	-5.22	0.000
CCAGCTGG:CCAGCTGG	163	760.33	-5.21	0.000
CCTATAGG:CCTATAGG	4	18.51	-5.20	0.000
AGTCGACT:AGTCGACT	18	83.05	-5.19	0.000
GCTCTAGA:TCTAGAGC	1	4.60	-5.19	0.000
GTAATTAC:GTAATTAC	55	252.31	-5.19	0.000
CGTATACG:CGTATACG	24	110.09	-5.19	0.000
GTCGCGAC:GTCGCGAC	71	325.35	-5.18	0.000
TCGGCCGA:TCGGCCGA	8	36.51	-5.18	0.000
GCTGCAGC:GCTGCAGC	98	446.49	-5.18	0.000
GCGGCCGC:GCGGCCGC	26	118.28	-5.17	0.000
ATCTAGAC:GTCTAGAT	2	9.04	-5.17	0.000
CTGCGCAG:CTGCGCAG	159	716.82	-5.16	0.000
ACGCGCGT:ACGCGCGT	94	423.74	-5.16	0.000
CCCATGGG:CCCATGGG	17	76.58	-5.16	0.000
TGATATCA:TGATATCA	137	615.23	-5.16	0.000
GAGGCCTA:TAGGCCTC	11	49.29	-5.15	0.000
TTTGCAAA:TTTGCAAA	104	464.74	-5.15	0.000
AGGCGCCC:GGGCGCCT	4	17.85	-5.15	0.000
TAACGTTA:TAACGTTA	97	431.93	-5.14	0.000
GGATATCC:GGATATCC	114	505.64	-5.14	0.000
CTGGCCAG:CTGGCCAG	104	461.25	-5.14	0.000
TTGATCAA:TTGATCAA	130	574.53	-5.13	0.000
GTTCGAAC:GTTCGAAC	52	229.67	-5.13	0.000
AACATGTT:AACATGTT	69	304.50	-5.13	0.000
ACGATCGT:ACGATCGT	82	361.57	-5.13	0.000
CGATATCG:CGATATCG	256	1127.14	-5.13	0.000
TTTTAAAA:TTTTAAAA	152	668.40	-5.12	0.000
TTCGCGAA:TTCGCGAA	110	482.38	-5.12	0.000
ACTAGTAG:CTACTAGT	1	4.38	-5.12	0.000
TACTAGTA:TACTAGTA	3	13.12	-5.12	0.000
CACCGGTG:CACCGGTG	154	672.97	-5.11	0.000
TCTTAAGA:TCTTAAGA	14	61.04	-5.11	0.000
AGAATTCT:AGAATTCT	26	113.29	-5.11	0.000
AGTTAACT:AGTTAACT	43	187.14	-5.11	0.000
TGGGCCCA:TGGGCCCA	5	21.75	-5.11	0.000
ATATATAT:ATATATAT	60	260.98	-5.11	0.000
CGACGTCG:CGACGTCG	70	303.25	-5.10	0.000
TGCCGGCA:TGCCGGCA	50	215.51	-5.09	0.000
AAACGTTT:AAACGTTT	134	577.18	-5.09	0.000
GAGCGCTC:GAGCGCTC	15	64.57	-5.09	0.000
AGACGTCT:AGACGTCT	17	73.06	-5.09	0.000
CTAGACGC:GCGTCTAG	1	4.29	-5.09	0.000
ATAATTAT:ATAATTAT	108	463.18	-5.08	0.000
GTGCGCAC:GTGCGCAC	81	346.82	-5.08	0.000
GTCCGGAC:GTCCGGAC	35	149.82	-5.08	0.000
GCGTACGC:GCGTACGC	91	389.45	-5.08	0.000
GCCCGGGC:GCCCGGGC	60	256.28	-5.08	0.000
TGCATGCA:TGCATGCA	33	140.88	-5.08	0.000
TGTGCACA:TGTGCACA	32	136.26	-5.07	0.000
AGCTAGCT:AGCTAGCT	4	17.02	-5.07	0.000
GAAATTTC:GAAATTTC	106	451.06	-5.07	0.000
TTGCGCAA:TTGCGCAA	169	717.95	-5.07	0.000
CGGGCCCG:CGGGCCCG	11	46.69	-5.07	0.000
TACCGGTA:TACCGGTA	155	657.87	-5.07	0.000
CCGGCCGG:CCGGCCGG	20	84.77	-5.07	0.000
CTGTACAG:CTGTACAG	62	262.45	-5.06	0.000
TTCCGGAA:TTCCGGAA	110	465.20	-5.06	0.000
GCTCGAGC:GCTCGAGC	19	80.29	-5.06	0.000
ACCATGGT:ACCATGGT	66	278.50	-5.06	0.000
TGGTACCA:TGGTACCA	45	189.46	-5.06	0.000
TGCGCGCA:TGCGCGCA	122	513.53	-5.06	0.000
TCCCTAGA:TCTAGGGA	1	4.21	-5.05	0.000
AAGTACTT:AAGTACTT	32	134.58	-5.05	0.000
TTGTACAA:TTGTACAA	44	185.02	-5.05	0.000
TTTCGAAA:TTTCGAAA	74	310.80	-5.05	0.000
GGTTAACC:GGTTAACC	157	659.30	-5.05	0.000
CATGCATG:CATGCATG	37	155.36	-5.05	0.000
TCGCGCGA:TCGCGCGA	81	339.14	-5.05	0.000
CGGTACCG:CGGTACCG	104	434.73	-5.04	0.000
CCTGCAGG:CCTGCAGG	102	425.77	-5.04	0.000
CTAATTAG:CTAATTAG	9	37.30	-5.03	0.000
TAATATTA:TAATATTA	101	417.92	-5.03	0.000
AAATATTT:AAATATTT	180	744.09	-5.03	0.000
GGCATGCC:GGCATGCC	47	193.72	-5.02	0.000
ATGGCCAT:ATGGCCAT	56	230.76	-5.02	0.000
GTCATGAC:GTCATGAC	67	276.07	-5.02	0.000
TCTGCAGA:TCTGCAGA	57	234.77	-5.02	0.000
AGAGCTCT:AGAGCTCT	9	37.07	-5.02	0.000
ATCATGAT:ATCATGAT	155	635.81	-5.01	0.000
GCTTAAGC:GCTTAAGC	102	417.50	-5.01	0.000
TGACGTCA:TGACGTCA	91	372.25	-5.01	0.000
GACCGGTC:GACCGGTC	48	196.19	-5.01	0.000
CTCCGGAG:CTCCGGAG	28	114.39	-5.01	0.000
TTCATGAA:TTCATGAA	105	428.77	-5.01	0.000
CCAATTGG:CCAATTGG	28	114.26	-5.01	0.000
ATTCGAAT:ATTCGAAT	33	134.44	-5.00	0.000
CGTCGACG:CGTCGACG	44	179.23	-5.00	0.000
CCGCGCGG:CCGCGCGG	192	779.87	-5.00	0.000
ATGCGCAT:ATGCGCAT	125	507.57	-5.00	0.000
ACGTACGT:ACGTACGT	31	125.87	-5.00	0.000
CCTCGAGG:CCTCGAGG	13	52.76	-5.00	0.000
GAGATCTC:GAGATCTC	41	166.30	-5.00	0.000
GCGATCGC:GCGATCGC	249	1008.19	-4.99	0.000
GCATATGC:GCATATGC	83	335.14	-4.99	0.000
TTTATAAA:TTTATAAA	159	641.88	-4.99	0.000
AAAATTTT:AAAATTTT	161	649.76	-4.99	0.000
GCGCGCGC:GCGCGCGC	208	839.20	-4.99	0.000
ACTCGAGT:ACTCGAGT	11	44.26	-4.98	0.000
TGTCGACA:TGTCGACA	59	237.27	-4.98	0.000
TTAATTAA:TTAATTAA	151	605.38	-4.98	0.000
TACATGTA:TACATGTA	21	84.18	-4.98	0.000
TATCGATA:TATCGATA	187	748.82	-4.97	0.000
GGACGTCC:GGACGTCC	31	124.02	-4.97	0.000
CAACGTTG:CAACGTTG	153	610.80	-4.97	0.000
AACGCGTT:AACGCGTT	154	614.77	-4.97	0.000
CGCGCGCG:CGCGCGCG	178	710.35	-4.97	0.000
AGCGCGCT:AGCGCGCT	141	562.48	-4.97	0.000
AACCTAGG:CCTAGGTT	1	3.98	-4.96	0.000
GCAATTGC:GCAATTGC	189	751.43	-4.96	0.000
CGTTAACG:CGTTAACG	207	821.63	-4.96	0.000
TTATATAA:TTATATAA	71	281.77	-4.96	0.000
TTAGCTAA:TTAGCTAA	39	154.24	-4.95	0.000
GCAGCTGC:GCAGCTGC	215	849.93	-4.95	0.000
AACTAGTT:AACTAGTT	11	43.37	-4.95	0.000
GTTGCAAC:GTTGCAAC	100	392.18	-4.94	0.000
GGGCGCCC:GGGCGCCC	6	23.52	-4.94	0.000
TGGATCCA:TGGATCCA	54	211.09	-4.93	0.000
AATTAATT:AATTAATT	139	542.75	-4.93	0.000
AGGTACCT:AGGTACCT	12	46.81	-4.93	0.000
ATGTACAT:ATGTACAT	48	187.10	-4.93	0.000
CGCCGGCG:CGCCGGCG	35	135.98	-4.92	0.000
CAGTACTG:CAGTACTG	100	387.84	-4.92	0.000
ATACGTAT:ATACGTAT	27	104.65	-4.92	0.000
TATGCATA:TATGCATA	47	181.97	-4.92	0.000
GTGGCCAC:GTGGCCAC	26	100.45	-4.91	0.000
GAATATTC:GAATATTC	147	565.43	-4.91	0.000
GAGGCCTC:GAGGCCTC	11	42.17	-4.90	0.000
TTACGTAA:TTACGTAA	78	298.27	-4.90	0.000
ATGATCAT:ATGATCAT	125	476.24	-4.89	0.000
CGCTAGCG:CGCTAGCG	29	110.45	-4.89	0.000
CAATATTG:CAATATTG	181	688.24	-4.89	0.000
GCCATGGC:GCCATGGC	66	249.57	-4.88	0.000
CTCATGAG:CTCATGAG	23	86.93	-4.87	0.000
GTACGTAC:GTACGTAC	42	158.52	-4.87	0.000
AGCCGGCT:AGCCGGCT	10	37.73	-4.87	0.000
GCTATAGC:GCTATAGC	65	245.16	-4.87	0.000
AACCGGTT:AACCGGTT	143	539.03	-4.87	0.000
TCGTACGA:TCGTACGA	10	37.63	-4.87	0.000
CTTCTAGA:TCTAGAAG	1	3.76	-4.87	0.000
CATATATG:CATATATG	30	112.70	-4.86	0.000
GGGATCCC:GGGATCCC	33	123.55	-4.86	0.000
GATGCATC:GATGCATC	87	325.43	-4.86	0.000
ATAGCTAT:ATAGCTAT	50	186.78	-4.85	0.000
ACCGCGGT:ACCGCGGT	64	238.71	-4.85	0.000
TCAGCTGA:TCAGCTGA	76	282.60	-4.85	0.000
ATTTAAAT:ATTTAAAT	136	503.62	-4.84	0.000
ATCCGGAT:ATCCGGAT	141	520.59	-4.83	0.000
AAAGCTTT:AAAGCTTT	75	276.06	-4.83	0.000
ATCGCGAT:ATCGCGAT	210	772.15	-4.82	0.000
ATCTAGAT:ATCTAGAT	4	14.70	-4.82	0.000
CATTAATG:CATTAATG	189	691.56	-4.82	0.000
ACACGTGT:ACACGTGT	5	18.29	-4.82	0.000
CGAATTCG:CGAATTCG	44	159.17	-4.80	0.000
CTTTAAAG:CTTTAAAG	128	462.36	-4.79	0.000
AATCGATT:AATCGATT	61	219.42	-4.78	0.000
AGTATACT:AGTATACT	9	32.35	-4.78	0.000
CGTGCACG:CGTGCACG	43	154.32	-4.78	0.000
AATATATT:AATATATT	168	602.88	-4.78	0.000
GTAGCTAC:GTAGCTAC	24	86.00	-4.78	0.000
TATTAATA:TATTAATA	144	515.15	-4.77	0.000
TGAATTCA:TGAATTCA	82	293.07	-4.77	0.000
TCTATAGA:TCTATAGA	13	46.41	-4.77	0.000
CCTAGGGA:TCCCTAGG	1	3.56	-4.76	0.000
CAAATTTG:CAAATTTG	110	389.57	-4.76	0.000
TCATATGA:TCATATGA	48	169.91	-4.75	0.000
CATCGATG:CATCGATG	92	325.44	-4.75	0.000
AATGCATT:AATGCATT	96	339.45	-4.75	0.000
CTAGCTCC:GGAGCTAG	2	7.06	-4.75	0.000
CCCCGGGG:CCCCGGGG	12	42.37	-4.75	0.000
TAGTACTA:TAGTACTA	6	21.02	-4.73	0.000
CTCCTAGA:TCTAGGAG	1	3.50	-4.73	0.000
TAAATTTA:TAAATTTA	132	461.75	-4.73	0.000
TAGATCTA:TAGATCTA	8	27.88	-4.72	0.000
CCATATGG:CCATATGG	64	222.38	-4.72	0.000
ATTGCAAT:ATTGCAAT	83	288.28	-4.72	0.000
AACTAGTC:GACTAGTT	5	17.35	-4.72	0.000
TACGCGTA:TACGCGTA	75	259.65	-4.71	0.000
GTGATCAC:GTGATCAC	108	372.29	-4.70	0.000
GTTTAAAC:GTTTAAAC	90	307.69	-4.69	0.000
CGAGCCTA:TAGGCTCG	4	13.64	-4.68	0.000
GGAGCTCC:GGAGCTCC	12	40.82	-4.68	0.000
TCCATGGA:TCCATGGA	32	108.49	-4.67	0.000
GGCTAGCA:TGCTAGCC	9	30.50	-4.67	0.000
CTAGGCAG:CTGCCTAG	2	6.70	-4.65	0.000
GATATATC:GATATATC	57	188.85	-4.62	0.000
CACGCGTG:CACGCGTG	81	268.28	-4.62	0.000
CTTCGAAG:CTTCGAAG	65	213.52	-4.61	0.000
CACATGTG:CACATGTG	22	72.07	-4.60	0.000
CTAGGGAG:CTCCCTAG	1	3.27	-4.60	0.000
GAAGCTTC:GAAGCTTC	47	153.26	-4.59	0.000
GACGCGTC:GACGCGTC	100	325.86	-4.59	0.000
GTTATAAC:GTTATAAC	79	255.78	-4.58	0.000
CCTAGGGC:GCCCTAGG	1	3.24	-4.58	0.000
ACTATAGT:ACTATAGT	14	44.80	-4.55	0.000
AGTCTAGA:TCTAGACT	1	3.20	-4.55	0.000
GACTAGTA:TACTAGTC	3	9.54	-4.54	0.000
GGAATTCC:GGAATTCC	57	178.51	-4.51	0.000
ACTGCAGT:ACTGCAGT	42	130.89	-4.50	0.000
CTAGGGAA:TTCCCTAG	2	6.21	-4.49	0.000
TCTCGAGA:TCTCGAGA	14	43.36	-4.48	0.000
AGGGCCCG:CGGGCCCT	6	18.53	-4.48	0.000
TATATATA:TATATATA	51	156.37	-4.46	0.000
ATTATAAT:ATTATAAT	58	177.76	-4.46	0.000
CTACGTAG:CTACGTAG	22	67.25	-4.46	0.000
ATTATAAC:GTTATAAT	70	213.23	-4.45	0.000
AGCCGGCC:GGCCGGCT	12	36.46	-4.44	0.000
GATTAATC:GATTAATC	146	442.06	-4.43	0.000
CGGGACCC:GGGTCCCG	4	12.10	-4.43	0.000
CCTAGGCA:TGCCTAGG	1	3.01	-4.42	0.000
CCCCCTAG:CTAGGGGG	1	2.99	-4.41	0.000
AAGATCTA:TAGATCTT	35	103.37	-4.38	0.000
AGTGCACT:AGTGCACT	44	129.89	-4.38	0.000
CTCGCGAG:CTCGCGAG	35	103.24	-4.38	0.000
CTAGGGAC:GTCCCTAG	1	2.94	-4.37	0.000
TAGGCCGA:TCGGCCTA	20	58.68	-4.36	0.000
AGTATACA:TGTATACT	19	55.21	-4.34	0.000
AAGCGCTA:TAGCGCTT	50	144.34	-4.33	0.000
AAGGCCTT:AAGGCCTT	43	123.68	-4.32	0.000
GACCCCCC:GGGGGGTC	3	8.57	-4.30	0.000
CTCTAGCC:GGCTAGAG	2	5.71	-4.30	0.000
TAGCGCTA:TAGCGCTA	27	76.68	-4.29	0.000
AGGACCTA:TAGGTCCT	3	8.48	-4.28	0.000
CCTCGAGA:TCTCGAGG	17	47.83	-4.27	0.000
AGGCGCCA:TGGCGCCT	12	33.54	-4.25	0.000
CCTAGTTA:TAACTAGG	2	5.58	-4.25	0.000
GACTAGGA:TCCTAGTC	1	2.76	-4.22	0.000
CAAGCTTG:CAAGCTTG	37	102.00	-4.22	0.000
CCAAGTTA:TAACTTGG	10	27.53	-4.21	0.000
TAGGCTAA:TTAGCCTA	7	19.10	-4.19	0.000
CTAGAGCC:GGCTCTAG	1	2.73	-4.19	0.000
CTAGTAAG:CTTACTAG	3	8.17	-4.19	0.000
CCTAGGTA:TACCTAGG	1	2.70	-4.17	0.000
CTAGACCA:TGGTCTAG	2	5.39	-4.16	0.000
GTATATAC:GTATATAC	28	75.11	-4.15	0.000
ATGTCTAG:CTAGACAT	2	5.32	-4.13	0.000
GTGGCCAA:TTGGCCAC	40	106.05	-4.12	0.000
ACGTACGA:TCGTACGT	26	68.82	-4.12	0.000
ACCCGGGG:CCCCGGGT	25	65.84	-4.10	0.000
GAGTACTC:GAGTACTC	18	47.28	-4.10	0.000
GTCCTAGA:TCTAGGAC	1	2.62	-4.10	0.000
AACCCTAG:CTAGGGTT	1	2.61	-4.08	0.000
CTTGCAAC:GTTGCAAG	68	176.66	-4.07	0.000
ACCTAGAG:CTCTAGGT	1	2.59	-4.06	0.000
ACACGTGA:TCACGTGT	13	33.68	-4.06	0.000
CTATATAC:GTATATAG	20	51.41	-4.04	0.000
CTAGGAGA:TCTCCTAG	2	5.12	-4.03	0.000
CAGTACTC:GAGTACTG	53	135.42	-4.03	0.000
ATTTAAAG:CTTTAAAT	189	482.55	-4.02	0.000
GGCTAGCC:GGCTAGCC	13	33.19	-4.02	0.000
AGCTAGCG:CGCTAGCT	17	43.36	-4.02	0.000
ATCGCGAG:CTCGCGAT	111	282.34	-4.01	0.000
CAGATCTC:GAGATCTG	91	231.15	-4.01	0.000
AGTGCACG:CGTGCACT	56	141.58	-4.00	0.000
CCATATGA:TCATATGG	77	194.38	-3.99	0.000
ATTCGAAG:CTTCGAAT	68	169.43	-3.96	0.000
CGAGCTCC:GGAGCTCG	16	39.86	-3.96	0.000
CTTGCAAG:CTTGCAAG	32	79.58	-3.95	0.000
ACTCTAGG:CCTAGAGT	1	2.48	-3.94	0.000
GATTAATA:TATTAATC	193	477.21	-3.94	0.000
CACGCGTC:GACGCGTG	120	295.67	-3.93	0.000
CCTATAGA:TCTATAGG	12	29.31	-3.90	0.000
CAACGTTC:GAACGTTG	177	431.82	-3.90	0.000
ACTCGAGA:TCTCGAGT	18	43.81	-3.89	0.000
CGTATACA:TGTATACG	42	101.86	-3.88	0.000
CTAATTAA:TTAATTAG	62	150.26	-3.88	0.000
CGCTAGCC:GGCTAGCG	25	60.55	-3.88	0.000
AGTGCACA:TGTGCACT	55	133.04	-3.88	0.000
AAGTACTA:TAGTACTT	22	53.18	-3.88	0.000
CCCTCCTA:TAGGAGGG	4	9.65	-3.87	0.000
CCCATGGA:TCCATGGG	38	91.15	-3.85	0.000
CAACCTAG:CTAGGTTG	2	4.79	-3.85	0.000
CTAGCCTA:TAGGCTAG	1	2.39	-3.85	0.000
CCAAGACA:TGTCTTGG	13	31.02	-3.84	0.000
CCGGCCGC:GCGGCCGG	42	100.13	-3.84	0.000
ACTATAGC:GCTATAGT	44	104.80	-3.83	0.000
CGCTCTAG:CTAGAGCG	2	4.76	-3.83	0.000
ATCATGAG:CTCATGAT	99	235.10	-3.83	0.000
ATTGCAAG:CTTGCAAT	64	151.46	-3.82	0.000
AGGTACCA:TGGTACCT	40	94.17	-3.80	0.000
GTATATAA:TTATATAC	62	145.48	-3.79	0.000
AATATATA:TATATATT	131	307.04	-3.79	0.000
CCTCTAGC:GCTAGAGG	2	4.69	-3.79	0.000
CGGCGCCC:GGGCGCCG	13	30.42	-3.78	0.000
AGTCGACA:TGTCGACT	60	140.38	-3.78	0.000
CAGCGCTC:GAGCGCTG	86	200.61	-3.78	0.000
CAAGCTTC:GAAGCTTG	54	125.03	-3.75	0.000
ACTGCAGG:CCTGCAGT	102	236.07	-3.75	0.000
CTAGCTAG:CTAGCTAG	1	2.31	-3.74	0.000
AACTAGAC:GTCTAGTT	3	6.90	-3.74	0.000
TAGGCCAA:TTGGCCTA	24	55.08	-3.73	0.000
GGCATGCA:TGCATGCC	72	165.20	-3.73	0.000
CCGATCGA:TCGATCGG	74	169.59	-3.72	0.000
ATTTAAAC:GTTTAAAT	172	393.64	-3.72	0.000
AGAGCTCC:GGAGCTCT	17	38.90	-3.72	0.000
GTTTAAAA:TTTTAAAC	199	453.49	-3.71	0.000
CGAATTCC:GGAATTCG	74	168.56	-3.71	0.000
AAACGTTA:TAACGTTT	220	499.30	-3.70	0.000
AAAGCTTG:CAAGCTTT	74	167.80	-3.69	0.000
ACGGCCGA:TCGGCCGT	23	52.15	-3.69	0.000
GGAATTCA:TGAATTCC	101	228.73	-3.69	0.000
CTATATAA:TTATATAG	44	99.57	-3.69	0.000
AAAGCTTC:GAAGCTTT	91	205.69	-3.68	0.000
AATCGATA:TATCGATT	180	405.35	-3.67	0.000
CGCCCTAG:CTAGGGCG	3	6.75	-3.67	0.000
CTACGTAC:GTACGTAG	46	103.25	-3.66	0.000
AGCGCGCA:TGCGCGCT	240	537.45	-3.66	0.000
ATGCTAGG:CCTAGCAT	2	4.47	-3.65	0.000
AAAATTTA:TAAATTTT	245	547.75	-3.65	0.000
CCCCTAGC:GCTAGGGG	4	8.94	-3.65	0.000
AGGCCTAG:CTAGGCCT	2	4.47	-3.65	0.000
CCTAGGTC:GACCTAGG	1	2.23	-3.64	0.000
CACATGTC:GACATGTG	44	97.91	-3.64	0.000
GTCATGAA:TTCATGAC	155	344.05	-3.63	0.000
GGGATCCA:TGGATCCC	73	161.50	-3.62	0.000
ACCGCGGA:TCCGCGGT	67	148.19	-3.62	0.000
ACCTAGGA:TCCTAGGT	1	2.21	-3.62	0.000
AATGCATG:CATGCATT	104	229.65	-3.61	0.000
ACTCGAGC:GCTCGAGT	27	59.61	-3.61	0.000
CTAGTCAC:GTGACTAG	2	4.41	-3.61	0.000
CAAATTTC:GAAATTTG	190	419.19	-3.61	0.000
CATTAATC:GATTAATG	251	552.91	-3.61	0.000
AATGCATA:TATGCATT	113	248.54	-3.60	0.000
CAAGCTTA:TAAGCTTG	46	101.17	-3.60	0.000
CTATATAG:CTATATAG	16	35.19	-3.60	0.000
ATCCGGAC:GTCCGGAT	127	279.27	-3.60	0.000
GGAGGGCC:GGCCCTCC	7	15.39	-3.60	0.000
CATCGATC:GATCGATG	152	333.69	-3.60	0.000
GGGGCCCA:TGGGCCCC	9	19.73	-3.59	0.000
AATATATC:GATATATT	154	337.42	-3.59	0.000
GTGATCAA:TTGATCAC	212	462.48	-3.58	0.000
ACCTTGGA:TCCAAGGT	5	10.85	-3.56	0.000
AGCCGGCG:CGCCGGCT	33	71.63	-3.56	0.000
CGCCGGCA:TGCCGGCG	79	171.19	-3.56	0.000
CTTCGAAA:TTTCGAAG	119	257.61	-3.55	0.000
ACATATGG:CCATATGT	63	136.23	-3.55	0.000
AACCGGTA:TACCGGTT	276	595.49	-3.54	0.000
ACACCTAG:CTAGGTGT	3	6.47	-3.54	0.000
GATGCATA:TATGCATC	113	243.35	-3.54	0.000
GAATATTA:TAATATTC	226	486.11	-3.53	0.000
ATAGCTAA:TTAGCTAT	79	169.73	-3.53	0.000
CACTAGGA:TCCTAGTG	3	6.44	-3.53	0.000
TAGACCAA:TTGGTCTA	18	38.62	-3.53	0.000
CATATATC:GATATATG	68	145.89	-3.52	0.000
AAACGTTG:CAACGTTT	277	593.75	-3.52	0.000
AGGCTAGG:CCTAGCCT	3	6.43	-3.52	0.000
ACGCGCGA:TCGCGCGT	177	379.09	-3.52	0.000
CTCTAGGA:TCCTAGAG	1	2.14	-3.51	0.000
GGCCCCCC:GGGGGGCC	13	27.72	-3.51	0.000
CTCGCGAC:GTCGCGAG	86	183.27	-3.50	0.000
GCAGCTGA:TCAGCTGC	230	490.09	-3.50	0.000
ATATATAG:CTATATAT	45	95.83	-3.50	0.000
GGATATCA:TGATATCC	262	557.75	-3.50	0.000
ACGATCGC:GCGATCGT	284	603.76	-3.50	0.000
AGGATCCC:GGGATCCT	49	104.12	-3.49	0.000
CCGCGCGC:GCGCGCGG	381	808.99	-3.49	0.000
CCAATTGC:GCAATTGG	138	293.02	-3.49	0.000
AACATGTG:CACATGTT	70	148.14	-3.48	0.000
CGTCGACC:GGTCGACG	74	156.55	-3.48	0.000
ATTATAAG:CTTATAAT	63	133.22	-3.48	0.000
AGCTCTTA:TAAGAGCT	28	59.15	-3.48	0.000
AACCGGTC:GACCGGTT	154	325.19	-3.47	0.000
CACGCGTA:TACGCGTG	125	263.93	-3.47	0.000
GACGCGTA:TACGCGTC	138	290.88	-3.47	0.000
CCTTAAGA:TCTTAAGG	41	86.39	-3.47	0.000
CCTTGGAA:TTCCAAGG	5	10.53	-3.47	0.000
ACTTAAGC:GCTTAAGT	103	216.93	-3.47	0.000
AAAATTTG:CAAATTTT	239	503.12	-3.46	0.000
AAATATTG:CAATATTT	340	715.62	-3.46	0.000
ATCCGGAG:CTCCGGAT	116	244.02	-3.46	0.000
GAAATTTA:TAAATTTC	217	456.38	-3.46	0.000
CATCGATA:TATCGATG	235	493.65	-3.46	0.000
AACTAGGG:CCCTAGTT	2	4.20	-3.46	0.000
AAGTACTC:GAGTACTT	38	79.77	-3.46	0.000
AGCATGCA:TGCATGCT	75	157.40	-3.46	0.000
AATTAATG:CATTAATT	292	612.65	-3.45	0.000
ATACGTAG:CTACGTAT	40	83.89	-3.45	0.000
GCATATGA:TCATATGC	114	238.63	-3.45	0.000
GCTATAGA:TCTATAGC	51	106.67	-3.44	0.000
ATCGCGAA:TTCGCGAT	292	610.30	-3.44	0.000
GTTATAAA:TTTATAAC	194	405.19	-3.44	0.000
AGATATCG:CGATATCT	240	501.19	-3.44	0.000
CACCGGTC:GACCGGTG	174	363.36	-3.44	0.000
CCTAATCA:TGATTAGG	21	43.84	-3.44	0.000
ACCGCGGC:GCCGCGGT	136	283.69	-3.44	0.000
CTACGTAA:TTACGTAG	68	141.62	-3.43	0.000
ATGGCCAG:CTGGCCAT	157	326.25	-3.42	0.000
ATGCGCAC:GTGCGCAT	202	419.57	-3.42	0.000
CGAATTCA:TGAATTCG	104	215.98	-3.42	0.000
CGCATGCC:GGCATGCG	85	176.50	-3.42	0.000
ACCATGGC:GCCATGGT	127	263.64	-3.42	0.000
GAACGTTA:TAACGTTC	175	363.13	-3.42	0.000
AGACGTCC:GGACGTCT	46	95.19	-3.41	0.000
ATGATCAC:GTGATCAT	204	421.07	-3.40	0.000
CTAATTAC:GTAATTAG	47	97.01	-3.40	0.000
ATTGCAAC:GTTGCAAT	163	336.24	-3.40	0.000
ACTGCAGA:TCTGCAGT	85	175.30	-3.40	0.000
CGCGCGCA:TGCGCGCG	293	603.98	-3.40	0.000
AACGCGTA:TACGCGTT	194	399.53	-3.39	0.000
ATGATCAA:TTGATCAT	254	523.08	-3.39	0.000
ATATATAC:GTATATAT	68	140.01	-3.39	0.000
ATTGCAAA:TTTGCAAT	178	366.03	-3.39	0.000
ATACGTAA:TTACGTAT	86	176.67	-3.39	0.000
AACATGTA:TACATGTT	78	160.11	-3.38	0.000
CAGTACTA:TAGTACTG	44	90.28	-3.38	0.000
ATGTACAG:CTGTACAT	108	221.59	-3.38	0.000
GCGTACGA:TCGTACGC	59	121.06	-3.38	0.000
ACAGCTGC:GCAGCTGT	215	440.10	-3.37	0.000
GGACGTCA:TGACGTCC	105	214.86	-3.37	0.000
CTGATCAC:GTGATCAG	177	362.16	-3.37	0.000
ATGTACAA:TTGTACAT	91	186.06	-3.37	0.000
ATAGCTAC:GTAGCTAT	62	126.74	-3.37	0.000
CATGCATC:GATGCATG	110	224.85	-3.37	0.000
CATATATA:TATATATG	65	132.75	-3.37	0.000
ACATATGC:GCATATGT	82	167.24	-3.36	0.000
CCCCGGGA:TCCCGGGG	41	83.59	-3.36	0.000
CCTAGCTA:TAGCTAGG	3	6.11	-3.36	0.000
GCCCGGGA:TCCCGGGC	101	205.59	-3.36	0.000
CCCATGGC:GCCATGGG	68	138.24	-3.35	0.000
ATGCGCAA:TTGCGCAT	297	603.67	-3.35	0.000
GTACGTAA:TTACGTAC	107	217.44	-3.35	0.000
AGAATTCC:GGAATTCT	70	142.21	-3.35	0.000
GCCATGGA:TCCATGGC	81	164.55	-3.35	0.000
CCTAGTAA:TTACTAGG	5	10.14	-3.34	0.000
AAGGCCTG:CAGGCCTT	132	267.68	-3.34	0.000
CAATATTC:GAATATTG	308	623.82	-3.34	0.000
ATCCGGAA:TTCCGGAT	243	492.12	-3.34	0.000
CTTATAAA:TTTATAAG	125	253.15	-3.34	0.000
CTAGTTCA:TGAACTAG	9	18.20	-3.33	0.000
CGTTAACC:GGTTAACG	364	736.00	-3.33	0.000
ACCATGGA:TCCATGGT	86	173.82	-3.33	0.000
AACGCGTC:GACGCGTT	222	447.58	-3.32	0.000
CAGATCTA:TAGATCTG	47	94.65	-3.32	0.000
ATAATTAA:TTAATTAT	263	529.53	-3.32	0.000
ACTAGGCG:CGCCTAGT	5	10.06	-3.32	0.000
AGTTAACG:CGTTAACT	195	392.13	-3.32	0.000
AGGTACCG:CGGTACCT	71	142.65	-3.31	0.000
CCAGCTGA:TCAGCTGG	231	463.54	-3.31	0.000
AGAATTCA:TGAATTCT	91	182.22	-3.30	0.000
AATGCATC:GATGCATT	166	332.37	-3.30	0.000
AGAGCTCA:TGAGCTCT	24	48.05	-3.30	0.000
CCGCGCGA:TCGCGCGG	257	514.28	-3.30	0.000
AATTAATC:GATTAATT	245	489.82	-3.30	0.000
GATATATA:TATATATC	86	171.84	-3.29	0.000
ACTGCAGC:GCTGCAGT	121	241.74	-3.29	0.000
GCAATTGA:TCAATTGC	199	397.12	-3.29	0.001
CGGATCCA:TGGATCCG	95	189.32	-3.29	0.001
CTTTAAAA:TTTTAAAG	279	555.92	-3.29	0.001
CGGGCCCA:TGGGCCCG	16	31.87	-3.28	0.001
CCAATTGA:TCAATTGG	78	154.86	-3.27	0.001
CGTTAACA:TGTTAACG	236	468.24	-3.27	0.001
AGCGCGCG:CGCGCGCT	319	632.11	-3.27	0.001
ATGATCAG:CTGATCAT	207	409.62	-3.26	0.001
AGCATGCG:CGCATGCT	85	168.17	-3.26	0.001
ATAATTAC:GTAATTAT	173	341.86	-3.26	0.001
CCTGCAGA:TCTGCAGG	160	316.16	-3.26	0.001
CGCGCGCC:GGCGCGCG	421	831.56	-3.26	0.001
CCTCGAGC:GCTCGAGG	33	65.09	-3.25	0.001
CAATATTA:TAATATTG	272	536.31	-3.25	0.001
AGACGTCA:TGACGTCT	84	164.91	-3.23	0.001
AATATATG:CATATATT	133	260.66	-3.23	0.001
GACATGTA:TACATGTC	54	105.82	-3.23	0.001
CGTGCACA:TGTGCACG	74	145.01	-3.23	0.001
CAAGTAGG:CCTACTTG	8	15.67	-3.23	0.001
CCGATCGC:GCGATCGG	245	479.39	-3.22	0.001
ACGCGCGC:GCGCGCGT	305	596.32	-3.22	0.001
CTCCGGAA:TTCCGGAG	118	230.68	-3.22	0.001
CCCGCGGA:TCCGCGGG	50	97.72	-3.22	0.001
GTAGCTAA:TTAGCTAC	59	115.17	-3.22	0.001
CATTAATA:TATTAATG	306	596.87	-3.21	0.001
GCTGCAGA:TCTGCAGC	166	323.76	-3.21	0.001
GTTCGAAA:TTTCGAAC	137	267.17	-3.21	0.001
CTGTACAA:TTGTACAG	113	220.36	-3.21	0.001
CCACGTGC:GCACGTGG	37	72.15	-3.21	0.001
CACATGTA:TACATGTG	40	77.89	-3.21	0.001
CGGTACCC:GGGTACCG	82	159.63	-3.21	0.001
AATTAATA:TATTAATT	272	528.77	-3.20	0.001
AGTTAACA:TGTTAACT	115	223.47	-3.20	0.001
ACGTACGG:CCGTACGT	72	139.91	-3.20	0.001
CTTCGAAC:GTTCGAAG	114	221.44	-3.20	0.001
CGACGTCA:TGACGTCG	173	335.98	-3.20	0.001
AAATATTC:GAATATTT	334	648.64	-3.20	0.001
AGTTAACC:GGTTAACT	181	351.26	-3.20	0.001
TAGGGTCA:TGACCCTA	14	27.15	-3.19	0.001
GGGTCCAA:TTGGACCC	8	15.52	-3.19	0.001
CAAATTTA:TAAATTTG	219	424.13	-3.19	0.001
AGTCGACG:CGTCGACT	63	122.00	-3.19	0.001
ACAATTGC:GCAATTGT	180	348.43	-3.19	0.001
CAGCGCTA:TAGCGCTG	113	218.61	-3.18	0.001
AACGCGTG:CACGCGTT	210	406.12	-3.18	0.001
CTCTAGTC:GACTAGAG	2	3.87	-3.18	0.001
AGACGTCG:CGACGTCT	77	148.84	-3.18	0.001
AATCTAGG:CCTAGATT	3	5.80	-3.18	0.001
CTGCGCAC:GTGCGCAG	258	498.61	-3.18	0.001
CTCATGAA:TTCATGAG	100	193.06	-3.18	0.001
AATCGATC:GATCGATT	142	274.00	-3.18	0.001
ACTTAAGA:TCTTAAGT	43	82.95	-3.17	0.001
CTCTAGAA:TTCTAGAG	7	13.50	-3.17	0.001
CCAGCTGC:GCAGCTGG	417	803.88	-3.17	0.001
ATCGCGAC:GTCGCGAT	260	501.22	-3.17	0.001
AGTGCACC:GGTGCACT	90	173.49	-3.17	0.001
CGTCGACA:TGTCGACG	107	206.22	-3.17	0.001
ATGGCCAC:GTGGCCAT	79	152.25	-3.17	0.001
ACCTCTAG:CTAGAGGT	2	3.85	-3.17	0.001
CTAGAGGA:TCCTCTAG	2	3.85	-3.17	0.001
AGTATACG:CGTATACT	31	59.67	-3.17	0.001
ATGTACAC:GTGTACAT	63	121.25	-3.17	0.001
GCTTAAGA:TCTTAAGC	83	159.63	-3.16	0.001
AGGCGCCG:CGGCGCCT	12	23.08	-3.16	0.001
ACAGCTGA:TCAGCTGT	132	253.77	-3.16	0.001
AATCGATG:CATCGATT	139	267.22	-3.16	0.001
ATACGTAC:GTACGTAT	67	128.80	-3.16	0.001
ATCATGAC:GTCATGAT	218	418.96	-3.16	0.001
CGACGTCC:GGACGTCG	101	193.93	-3.16	0.001
ACTATAGG:CCTATAGT	15	28.80	-3.16	0.001
GTGCGCAA:TTGCGCAC	260	499.00	-3.16	0.001
ACACGTGC:GCACGTGT	23	44.13	-3.16	0.001
CTGCGCAA:TTGCGCAG	374	717.38	-3.15	0.001
AACCGGTG:CACCGGTT	315	602.29	-3.14	0.001
CGTGCACC:GGTGCACG	99	189.10	-3.14	0.001
ATTCGAAC:GTTCGAAT	92	175.72	-3.14	0.001
GAAGCTTA:TAAGCTTC	65	124.02	-3.14	0.001
ATCTAGAA:TTCTAGAT	8	15.26	-3.14	0.001
ACGATCGA:TCGATCGT	112	213.59	-3.13	0.001
CAGGCCTC:GAGGCCTG	82	156.31	-3.13	0.001
ACTAGTGC:GCACTAGT	8	15.24	-3.13	0.001
ACCCGGGC:GCCCGGGT	85	161.93	-3.13	0.001
CGGTACCA:TGGTACCG	151	286.99	-3.12	0.001
ATGCGCAG:CTGCGCAT	318	603.19	-3.12	0.001
ACCGCGGG:CCCGCGGT	83	157.41	-3.11	0.001
AGACCCCT:AGGGGTCT	8	15.17	-3.11	0.001
CCGTACGC:GCGTACGG	130	246.09	-3.11	0.001
ATAGCTAG:CTAGCTAT	11	20.75	-3.10	0.001
GTGTACAA:TTGTACAC	64	120.57	-3.09	0.001
CCTTAAGC:GCTTAAGG	120	225.94	-3.09	0.001
CCATATGC:GCATATGG	145	273.00	-3.09	0.001
GCGGCCGA:TCGGCCGC	35	65.71	-3.08	0.001
TCCCCTAA:TTAGGGGA	21	39.40	-3.08	0.001
ACGTACGC:GCGTACGT	118	221.40	-3.08	0.001
CACCGGTA:TACCGGTG	355	665.38	-3.07	0.001
AGCGCGCC:GGCGCGCT	395	739.96	-3.07	0.001
GAGGGTCC:GGACCCTC	4	7.49	-3.07	0.001
GGTTAACA:TGTTAACC	224	419.44	-3.07	0.001
ATCATGAA:TTCATGAT	279	522.13	-3.07	0.001
CTCCGGAC:GTCCGGAG	70	130.91	-3.07	0.001
AAATATTA:TAATATTT	299	557.65	-3.06	0.001
AGATATCC:GGATATCT	180	335.68	-3.06	0.001
AGGATCCA:TGGATCCT	73	136.09	-3.05	0.001
GCGCGCGA:TCGCGCGC	287	533.49	-3.04	0.001
GGTCGACA:TGTCGACC	97	180.13	-3.04	0.001
ATTATAAA:TTTATAAT	182	337.79	-3.04	0.001
CTCGGACC:GGTCCGAG	13	24.13	-3.04	0.001
CTGGCCAC:GTGGCCAG	116	215.25	-3.04	0.001
CGATATCC:GGATATCG	407	754.93	-3.04	0.001
CGATATCA:TGATATCG	449	832.74	-3.04	0.001
GTAATTAA:TTAATTAC	211	390.83	-3.03	0.001
GAGCGCTA:TAGCGCTC	38	70.37	-3.03	0.001
GCCTAGTA:TACTAGGC	5	9.25	-3.03	0.001
CTTGCAAA:TTTGCAAG	104	192.31	-3.02	0.001
GGGTACCA:TGGTACCC	57	105.38	-3.02	0.001
ATGGCCAA:TTGGCCAT	87	160.74	-3.02	0.001
AAGTCAAG:CTTGACTT	15	27.70	-3.02	0.001
ATGCCTAG:CTAGGCAT	5	9.22	-3.02	0.001
CCTAAACA:TGTTTAGG	27	49.78	-3.01	0.001
AAGATCTC:GAGATCTT	137	252.46	-3.01	0.001
GTCGCGAA:TTCGCGAC	215	396.16	-3.01	0.001
AAGTACTG:CAGTACTT	124	228.46	-3.01	0.001
AGAATTCG:CGAATTCT	73	134.29	-3.01	0.001
GAGGACCC:GGGTCCTC	7	12.87	-3.00	0.001
AACTAGTA:TACTAGTT	13	23.86	-3.00	0.001
CGGGGTCC:GGACCCCG	10	18.34	-2.99	0.001
CGGATCCC:GGGATCCG	79	144.84	-2.99	0.001
AGATATCA:TGATATCT	203	370.28	-2.97	0.001
ACTATAGA:TCTATAGT	25	45.60	-2.97	0.001
AACTCTAG:CTAGAGTT	4	7.29	-2.97	0.001
CCTATAGC:GCTATAGG	37	67.37	-2.97	0.001
GTCCGGAA:TTCCGGAC	145	264.00	-2.97	0.001
CTGTACAC:GTGTACAG	79	143.60	-2.96	0.002
GTTGCAAA:TTTGCAAC	235	426.92	-2.96	0.002
CCCCTAGA:TCTAGGGG	2	3.63	-2.96	0.002
AATACTAG:CTAGTATT	8	14.52	-2.96	0.002
GACCGGTA:TACCGGTC	198	359.26	-2.96	0.002
ACGCGCGG:CCGCGCGT	317	574.86	-2.95	0.002
GATCCTCC:GGAGGATC	46	83.35	-2.95	0.002
GCGATCGA:TCGATCGC	197	356.66	-2.95	0.002
CCTGCAGC:GCTGCAGG	241	436.00	-2.94	0.002
CTAGTACC:GGTACTAG	5	9.04	-2.94	0.002
CCAGTCTC:GAGACTGG	44	79.46	-2.94	0.002
CCTAATTA:TAATTAGG	15	27.03	-2.93	0.002
GACGGACC:GGTCCGTC	33	59.45	-2.93	0.002
GGAGCTCA:TGAGCTCC	28	50.42	-2.93	0.002
CATCCTAC:GTAGGATG	12	21.61	-2.93	0.002
GCTAGACA:TGTCTAGC	3	5.40	-2.93	0.002
CCCGCGGC:GCCGCGGG	104	187.07	-2.92	0.002
CACGTGGC:GCCACGTG	18	32.37	-2.92	0.002
CTTGGCCA:TGGCCAAG	14	25.17	-2.92	0.002
AGTCCCTA:TAGGGACT	10	17.97	-2.92	0.002
CCCCGGGC:GCCCGGGG	58	104.20	-2.92	0.002
ACTAGTCG:CGACTAGT	3	5.39	-2.92	0.002
ATATATAA:TTATATAT	151	271.18	-2.92	0.002
CCGGCCGA:TCGGCCGG	31	55.63	-2.91	0.002
GTATTAGA:TCTAATAC	22	39.47	-2.91	0.002
AAAGCTTA:TAAGCTTT	93	166.45	-2.90	0.002
GAGGCTAC:GTAGCCTC	31	55.48	-2.90	0.002
CGTCCTAG:CTAGGACG	2	3.56	-2.89	0.002
CGGCCTAA:TTAGGCCG	23	40.88	-2.88	0.002
CCACGTGA:TCACGTGG	31	55.06	-2.88	0.002
AACTAGTG:CACTAGTT	20	35.42	-2.86	0.002
CACTAGTC:GACTAGTG	8	14.17	-2.86	0.002
CACTAGTA:TACTAGTG	11	19.48	-2.86	0.002
CTAGAACC:GGTTCTAG	4	7.07	-2.86	0.002
GCTAGTAC:GTACTAGC	7	12.37	-2.86	0.002
AGTATACC:GGTATACT	48	84.77	-2.85	0.002
ACAATTGG:CCAATTGT	77	135.87	-2.85	0.002
ATTCGAAA:TTTCGAAT	116	204.41	-2.85	0.002
ATCCAAGG:CCTTGGAT	7	12.32	-2.84	0.002
ACACGTGG:CCACGTGT	17	29.90	-2.84	0.002
GATCGATA:TATCGATC	288	506.17	-2.84	0.002
ACTTCTAG:CTAGAAGT	2	3.51	-2.84	0.002
AAGTCCTA:TAGGACTT	12	21.05	-2.83	0.002
CTTTAAAC:GTTTAAAG	215	377.18	-2.83	0.002
GGCGCGCA:TGCGCGCC	404	707.03	-2.82	0.002
CGGCCGAC:GTCGGCCG	13	22.74	-2.82	0.002
CCAAATTA:TAATTTGG	54	94.25	-2.81	0.002
ATTCCTAG:CTAGGAAT	2	3.49	-2.81	0.003
GGCCGGCA:TGCCGGCC	50	87.12	-2.80	0.003
CTAGCGGC:GCCGCTAG	15	26.12	-2.80	0.003
CTAGATAG:CTATCTAG	2	3.48	-2.79	0.003
ATTAGGAG:CTCCTAAT	8	13.91	-2.79	0.003
GCTCGAGA:TCTCGAGC	34	59.00	-2.79	0.003
GACTAGTC:GACTAGTC	4	6.94	-2.79	0.003
AGAGTATA:TATACTCT	28	48.53	-2.78	0.003
ACTAATCG:CGATTAGT	19	32.90	-2.78	0.003
CTCGCGAA:TTCGCGAG	129	223.16	-2.77	0.003
ACCTAGAC:GTCTAGGT	1	1.73	-2.77	0.003
AAGGGTCT:AGACCCTT	12	20.74	-2.77	0.003
AGAGCTCG:CGAGCTCT	22	37.98	-2.77	0.003
GGTGCACA:TGTGCACC	103	177.69	-2.76	0.003
CTCATGAC:GTCATGAG	90	154.91	-2.76	0.003
AGGATCCG:CGGATCCT	71	122.05	-2.75	0.003
AAAATTTC:GAAATTTT	315	541.37	-2.75	0.003
CCCCCGAG:CTCGGGGG	13	22.33	-2.75	0.003
AGGGCTAG:CTAGCCCT	3	5.15	-2.75	0.003
GTCTTATA:TATAAGAC	30	51.46	-2.74	0.003
ACTAGTCC:GGACTAGT	4	6.86	-2.74	0.003
ACACTAGG:CCTAGTGT	3	5.13	-2.73	0.003
CCTAGTGA:TCACTAGG	5	8.56	-2.73	0.003
GTCTCAAA:TTTGAGAC	24	41.00	-2.73	0.003
CGATCTAG:CTAGATCG	4	6.83	-2.72	0.003
ACAATTGA:TCAATTGT	108	184.14	-2.72	0.003
CCTACTCG:CGAGTAGG	13	22.16	-2.72	0.003
AGCCGGCA:TGCCGGCT	53	90.18	-2.71	0.003
CCTAGACC:GGTCTAGG	1	1.70	-2.71	0.003
CCTAACCG:CGGTTAGG	22	37.40	-2.71	0.003
AAGCACTT:AAGTGCTT	106	180.04	-2.70	0.003
ACCATGGG:CCCATGGT	86	146.04	-2.70	0.003
CGAGCTCA:TGAGCTCG	29	49.24	-2.70	0.003
AGCTAGCC:GGCTAGCT	14	23.77	-2.70	0.003
CTAGCATC:GATGCTAG	6	10.19	-2.70	0.003
ACTAGGTG:CACCTAGT	6	10.18	-2.70	0.003
GAGCCTAC:GTAGGCTC	13	22.05	-2.70	0.003
CTGGCCAA:TTGGCCAG	134	227.25	-2.70	0.003
CCTAGCCG:CGGCTAGG	3	5.08	-2.69	0.004
AGCATGCC:GGCATGCT	109	184.57	-2.69	0.004
CCCTTAGG:CCTAAGGG	9	15.24	-2.69	0.004
AGGCGCCT:AGGCGCCT	8	13.54	-2.69	0.004
ACGGCCGG:CCGGCCGT	47	79.47	-2.69	0.004
TAGGTCGA:TCGACCTA	26	43.90	-2.68	0.004
ACTACCTA:TAGGTAGT	17	28.70	-2.68	0.004
CCTAGAGG:CCTCTAGG	1	1.69	-2.68	0.004
ACGGCTAG:CTAGCCGT	5	8.41	-2.67	0.004
CTAGATAC:GTATCTAG	3	5.05	-2.67	0.004
AGTTCTTA:TAAGAACT	43	72.33	-2.66	0.004
CTTATAAC:GTTATAAG	95	159.80	-2.66	0.004
CGTATACC:GGTATACG	93	156.38	-2.66	0.004
CGGCGCCA:TGGCGCCG	34	57.17	-2.66	0.004
ACAGCTGG:CCAGCTGT	248	416.25	-2.66	0.004
AGGTCCGA:TCGGACCT	20	33.57	-2.66	0.004
TCGGAACA:TGTTCCGA	50	83.89	-2.65	0.004
CTAGAAAC:GTTTCTAG	6	10.03	-2.64	0.004
CCTCTGAG:CTCAGAGG	17	28.43	-2.64	0.004
ATTTAAAA:TTTTAAAT	347	580.19	-2.64	0.004
CATGCATA:TATGCATG	101	168.14	-2.62	0.004
AGTATAAC:GTTATACT	41	68.22	-2.62	0.004
CTTGGACC:GGTCCAAG	7	11.65	-2.62	0.004
TGTTCCAA:TTGGAACA	25	41.59	-2.62	0.004
AACATGTC:GACATGTT	121	201.26	-2.62	0.004
GAGTAGGA:TCCTACTC	8	13.30	-2.62	0.004
GATCTAGA:TCTAGATC	4	6.65	-2.62	0.004
GGGCCTAC:GTAGGCCC	27	44.88	-2.62	0.004
CCTAGTAG:CTACTAGG	2	3.32	-2.61	0.004
ACGATCGG:CCGATCGT	173	287.08	-2.61	0.005
AAGCGCTC:GAGCGCTT	80	132.45	-2.60	0.005
GAAGCTCC:GGAGCTTC	43	71.15	-2.60	0.005
ACTTAAGG:CCTTAAGT	71	117.40	-2.60	0.005
CCGTTTAG:CTAAACGG	43	71.04	-2.59	0.005
AGGGGAGG:CCTCCCCT	32	52.83	-2.59	0.005
TCCTAGCA:TGCTAGGA	3	4.95	-2.59	0.005
GTTTGGAA:TTCCAAAC	23	37.95	-2.59	0.005
CGCCGGCC:GGCCGGCG	42	69.20	-2.58	0.005
ACCCTAGC:GCTAGGGT	2	3.29	-2.58	0.005
AATCTAAG:CTTAGATT	13	21.35	-2.57	0.005
TACCTAGA:TCTAGGTA	2	3.28	-2.57	0.005
CGAGGCTA:TAGCCTCG	36	59.04	-2.56	0.005
AACTGCTA:TAGCAGTT	54	88.54	-2.56	0.005
AGCTTCTA:TAGAAGCT	33	54.06	-2.56	0.005
CTTGGATC:GATCCAAG	13	21.28	-2.55	0.005
AGTTGCTA:TAGCAACT	49	80.10	-2.55	0.005
CAACGTTA:TAACGTTG	315	513.64	-2.54	0.006
ACAAGAAT:ATTCTTGT	70	114.04	-2.54	0.006
CCGTACGA:TCGTACGG	47	76.50	-2.53	0.006
TAGAACTA:TAGTTCTA	12	19.53	-2.53	0.006
ATTTCTAG:CTAGAAAT	7	11.39	-2.53	0.006
CTAGCTGA:TCAGCTAG	10	16.26	-2.53	0.006
ATCTAGAG:CTCTAGAT	8	13.00	-2.52	0.006
ATAATTAG:CTAATTAT	81	131.43	-2.52	0.006
CATCCTAG:CTAGGATG	3	4.87	-2.52	0.006
GGTCTAAC:GTTAGACC	12	19.46	-2.52	0.006
CCCTAGAA:TTCTAGGG	3	4.85	-2.50	0.006
GTCCTTTA:TAAAGGAC	46	74.26	-2.50	0.006
CGAGGTCC:GGACCTCG	16	25.81	-2.49	0.006
CTGATCAA:TTGATCAG	279	449.91	-2.49	0.006
CTGGGACC:GGTCCCAG	35	56.42	-2.49	0.006
ACATATGA:TCATATGT	74	119.08	-2.48	0.006
AGTTTCTA:TAGAAACT	42	67.54	-2.48	0.007
AAGGCCTC:GAGGCCTT	45	72.22	-2.47	0.007
CTGCTAGA:TCTAGCAG	7	11.23	-2.47	0.007
ATAGAGGG:CCCTCTAT	25	40.08	-2.47	0.007
AACTTGGA:TCCAAGTT	15	24.03	-2.46	0.007
CGCATGCA:TGCATGCG	94	150.52	-2.46	0.007
CTAGTTAC:GTAACTAG	5	8.00	-2.46	0.007
ATTGGAAC:GTTCCAAT	20	31.99	-2.46	0.007
CTAGGATC:GATCCTAG	4	6.39	-2.45	0.007
GTCTTAGA:TCTAAGAC	7	11.17	-2.45	0.007
GTCGTCTA:TAGACGAC	19	30.28	-2.44	0.007
CCCTAGGG:CCCTAGGG	4	6.37	-2.44	0.007
AGTCGACC:GGTCGACT	67	106.57	-2.44	0.007
CCATCTAG:CTAGATGG	4	6.36	-2.43	0.007
GGGGGGAA:TTCCCCCC	53	84.26	-2.43	0.007
CCGAGTTA:TAACTCGG	35	55.64	-2.43	0.007
CGCTAGCA:TGCTAGCG	35	55.64	-2.43	0.007
AGTATAGG:CCTATACT	14	22.25	-2.43	0.007
CTCCAAGC:GCTTGGAG	16	25.42	-2.43	0.008
AGGTACCC:GGGTACCT	33	52.38	-2.43	0.008
CAGACCCC:GGGGTCTG	34	53.91	-2.42	0.008
ACCCGGGA:TCCCGGGT	82	129.90	-2.42	0.008
ATTATACC:GGTATAAT	45	71.21	-2.41	0.008
AAGACCTA:TAGGTCTT	21	33.21	-2.41	0.008
AGGGCCCA:TGGGCCCT	8	12.65	-2.41	0.008
TTGGACAA:TTGTCCAA	34	53.71	-2.41	0.008
CTAGGCTA:TAGCCTAG	2	3.16	-2.40	0.008
CTATAGGC:GCCTATAG	15	23.65	-2.40	0.008
AGACCCCC:GGGGGTCT	8	12.61	-2.40	0.008
GAGTACTA:TAGTACTC	20	31.52	-2.40	0.008
TCTATACA:TGTATAGA	23	36.23	-2.40	0.008
TCGTCTAA:TTAGACGA	18	28.34	-2.39	0.008
CGCTTGGA:TCCAAGCG	16	25.19	-2.39	0.008
GCTTAGGA:TCCTAAGC	16	25.19	-2.39	0.008
CACCCCTA:TAGGGGTG	12	18.88	-2.39	0.008
AACGCTTA:TAAGCGTT	138	217.07	-2.39	0.008
ACTAGAAA:TTTCTAGT	8	12.54	-2.37	0.009
CGTACTAA:TTAGTACG	27	42.30	-2.37	0.009
AAGGTTAG:CTAACCTT	43	67.34	-2.37	0.009
GTCTAGAA:TTCTAGAC	6	9.39	-2.37	0.009
ACGGCCGC:GCGGCCGT	60	93.87	-2.37	0.009
AAGACGCT:AGCGTCTT	127	198.49	-2.36	0.009
GCACGTGA:TCACGTGC	52	81.25	-2.36	0.009
AGAGGCCT:AGGCCTCT	25	39.05	-2.36	0.009
GGGTCCAC:GTGGACCC	26	40.60	-2.36	0.009
GACGAGAC:GTCTCGTC	32	49.93	-2.35	0.009
AGCTAGCA:TGCTAGCT	14	21.84	-2.35	0.009
ACACGATA:TATCGTGT	54	84.19	-2.35	0.009
ACTCGAGG:CCTCGAGT	31	48.32	-2.35	0.009
ACCACTAG:CTAGTGGT	8	12.47	-2.35	0.009
CCTACTTA:TAAGTAGG	12	18.68	-2.35	0.010
AACACTTA:TAAGTGTT	54	84.08	-2.34	0.010
CCTACCTA:TAGGTAGG	8	12.46	-2.34	0.010
ACTAGGCT:AGCCTAGT	6	9.34	-2.34	0.010
ATAAGGCC:GGCCTTAT	54	84.04	-2.34	0.010
TAACTAGA:TCTAGTTA	4	6.22	-2.34	0.010
TAAGACGA:TCGTCTTA	59	91.41	-2.32	0.010
GTGTCCAA:TTGGACAC	19	29.43	-2.32	0.010
CTACAGAC:GTCTGTAG	33	51.07	-2.32	0.010
CATTCTAG:CTAGAATG	4	6.19	-2.32	0.010
GCCCCCCC:GGGGGGGC	18	27.83	-2.31	0.010
GCTTCCTA:TAGGAAGC	12	18.55	-2.31	0.010
TCGTAGCA:TGCTACGA	34	52.54	-2.31	0.010
GCCGCGGA:TCCGCGGC	114	176.11	-2.31	0.010
GTGTACTA:TAGTACAC	17	26.26	-2.31	0.010
GATCCCCC:GGGGGATC	54	83.35	-2.31	0.011
CCAAGAGG:CCTCTTGG	12	18.52	-2.31	0.011
CCACTTGA:TCAAGTGG	29	44.75	-2.31	0.011
GCTAGGCA:TGCCTAGC	8	12.34	-2.30	0.011
CCTTCTAG:CTAGAAGG	2	3.08	-2.30	0.011
AGAGCCCA:TGGGCTCT	16	24.65	-2.30	0.011
CCATAGGA:TCCTATGG	15	23.09	-2.29	0.011
AGGTCTTG:CAAGACCT	39	59.96	-2.29	0.011
AAGTGCTA:TAGCACTT	45	69.14	-2.29	0.011
TCGAGTCA:TGACTCGA	31	47.60	-2.28	0.011
TCCAATCA:TGATTGGA	37	56.78	-2.28	0.011
ACCCTTAG:CTAAGGGT	14	21.47	-2.28	0.011
GGCCTACC:GGTAGGCC	58	88.94	-2.28	0.011
CCCTCGGA:TCCGAGGG	10	15.33	-2.28	0.011
CGGTCTCA:TGAGACCG	14	21.46	-2.28	0.011
AGTCTCAC:GTGAGACT	26	39.83	-2.27	0.011
CTCAGCTC:GAGCTGAG	45	68.94	-2.27	0.011
CCGCCTTA:TAAGGCGG	73	111.75	-2.27	0.012
AGACTAGG:CCTAGTCT	2	3.06	-2.27	0.012
CAGGGTCC:GGACCCTG	22	33.67	-2.27	0.012
AGTCAAGG:CCTTGACT	15	22.95	-2.27	0.012
ATGATAAC:GTTATCAT	134	204.81	-2.26	0.012
CTCCCTAA:TTAGGGAG	15	22.92	-2.26	0.012
CTCTAACA:TGTTAGAG	42	64.17	-2.26	0.012
GCCTAGAC:GTCTAGGC	1	1.53	-2.26	0.012
GGGCGCCA:TGGCGCCC	29	44.21	-2.25	0.012
CCCTAGCG:CGCTAGGG	6	9.14	-2.25	0.012
AGCACTTA:TAAGTGCT	57	86.81	-2.25	0.012
ATTCTAAG:CTTAGAAT	13	19.79	-2.25	0.012
CGGGCCCC:GGGGCCCG	19	28.91	-2.24	0.012
AGGGCGCC:GGCGCCCT	7	10.64	-2.24	0.013
CTTATCCC:GGGATAAG	87	132.24	-2.24	0.013
TAGTCCAA:TTGGACTA	11	16.72	-2.24	0.013
ACCCTAAG:CTTAGGGT	10	15.18	-2.23	0.013
AATTTGGA:TCCAAATT	32	48.54	-2.23	0.013
CCCTCCGA:TCGGAGGG	16	24.25	-2.23	0.013
ATCTCGTA:TACGAGAT	29	43.95	-2.23	0.013
ATATCAGG:CCTGATAT	172	260.41	-2.22	0.013
TAGATGGA:TCCATCTA	25	37.85	-2.22	0.013
AAGCGCTG:CAGCGCTT	272	411.51	-2.22	0.013
GTAGATTA:TAATCTAC	31	46.88	-2.22	0.013
GGTGAGAC:GTCTCACC	42	63.50	-2.22	0.013
GGTCTAGA:TCTAGACC	3	4.53	-2.21	0.013
AAGAGACT:AGTCTCTT	49	74.01	-2.21	0.013
CCCTATAC:GTATAGGG	19	28.68	-2.21	0.014
TCGATACA:TGTATCGA	68	102.59	-2.21	0.014
CCATTAGA:TCTAATGG	25	37.70	-2.21	0.014
ACCCAAGG:CCTTGGGT	12	18.09	-2.20	0.014
CACCTAGC:GCTAGGTG	7	10.55	-2.20	0.014
ATTCTATC:GATAGAAT	42	63.26	-2.20	0.014
TCGACCGA:TCGGTCGA	55	82.82	-2.20	0.014
CCGTGTTA:TAACACGG	48	72.11	-2.19	0.014
AACTCGGA:TCCGAGTT	29	43.53	-2.18	0.014
GTCTGTGA:TCACAGAC	41	61.50	-2.18	0.015
CCTCCTAG:CTAGGAGG	2	3.00	-2.18	0.015
TAACTCGA:TCGAGTTA	40	59.98	-2.18	0.015
AAACGTTC:GAACGTTT	280	419.77	-2.18	0.015
TAGACACA:TGTGTCTA	16	23.98	-2.18	0.015
CAGGGGTC:GACCCCTG	24	35.95	-2.18	0.015
CTAGGTTA:TAACCTAG	3	4.49	-2.17	0.015
ATATGAAG:CTTCATAT	105	157.15	-2.17	0.015
GACTGATC:GATCAGTC	67	100.25	-2.17	0.015
CGGGGGAC:GTCCCCCG	17	25.43	-2.17	0.015
ATTATAGC:GCTATAAT	49	73.29	-2.17	0.015
AGCGCTTA:TAAGCGCT	54	80.74	-2.17	0.015
ATAGTAGC:GCTACTAT	29	43.32	-2.16	0.015
CCGTCTTA:TAAGACGG	59	88.10	-2.16	0.015
CTAGAGAG:CTCTCTAG	3	4.48	-2.16	0.015
TCGAATCA:TGATTCGA	65	97.02	-2.16	0.015
ACACACGA:TCGTGTGT	24	35.81	-2.16	0.015
ATTCTAGC:GCTAGAAT	6	8.95	-2.16	0.016
ACCTAAGG:CCTTAGGT	20	29.83	-2.16	0.016
TCCCAGGA:TCCTGGGA	61	90.88	-2.15	0.016
AGACCTTA:TAAGGTCT	36	53.63	-2.15	0.016
AGGGGCCC:GGGCCCCT	5	7.44	-2.15	0.016
ATGTCTTG:CAAGACAT	35	52.07	-2.14	0.016
AAGACACA:TGTGTCTT	36	53.54	-2.14	0.016
CGGACCTA:TAGGTCCG	20	29.73	-2.14	0.016
GCCCCCAA:TTGGGGGC	45	66.80	-2.13	0.016
GGCTAGAA:TTCTAGCC	6	8.91	-2.13	0.016
TACCCTAA:TTAGGGTA	19	28.20	-2.13	0.016
GAGGGGGC:GCCCCCTC	44	65.30	-2.13	0.016
AAGAGCGA:TCGCTCTT	77	114.19	-2.13	0.017
ATCTGAGA:TCTCAGAT	29	43.00	-2.13	0.017
CTAGCGCC:GGCGCTAG	24	35.57	-2.13	0.017
AATTTGGG:CCCAAATT	55	81.49	-2.13	0.017
AGTCACTC:GAGTGACT	35	51.84	-2.12	0.017
ATATCCGA:TCGGATAT	64	94.74	-2.12	0.017
GACTAGGC:GCCTAGTC	3	4.44	-2.12	0.017
CCCCTTGA:TCAAGGGG	33	48.83	-2.12	0.017
CACCCTTC:GAAGGGTG	52	76.85	-2.11	0.017
AGACGCTA:TAGCGTCT	62	91.61	-2.11	0.017
CCGTCTAG:CTAGACGG	2	2.95	-2.11	0.017
GAATCTAC:GTAGATTC	34	50.21	-2.11	0.017
CGTATCTA:TAGATACG	32	47.25	-2.11	0.017
TCGACCAA:TTGGTCGA	96	141.72	-2.11	0.017
ACAAGGGT:ACCCTTGT	44	64.93	-2.11	0.018
GTAGGCCA:TGGCCTAC	84	123.92	-2.11	0.018
CAGAGTCC:GGACTCTG	36	53.06	-2.10	0.018
AAGGACCT:AGGTCCTT	12	17.68	-2.10	0.018
CTGTCCTA:TAGGACAG	7	10.30	-2.10	0.018
CCAAGAAG:CTTCTTGG	30	44.15	-2.10	0.018
AGGACCCC:GGGGTCCT	6	8.83	-2.09	0.018
ACCCTCCC:GGGAGGGT	22	32.35	-2.09	0.018
TAAGGCGA:TCGCCTTA	116	170.48	-2.09	0.018
TCGAGCGA:TCGCTCGA	50	73.44	-2.09	0.018
AGCATACA:TGTATGCT	62	91.05	-2.09	0.019
AGATCCTA:TAGGATCT	19	27.86	-2.08	0.019
AAGCCCTT:AAGGGCTT	114	167.01	-2.07	0.019
ACGTACTC:GAGTACGT	49	71.76	-2.07	0.019
CTATACGA:TCGTATAG	16	23.43	-2.07	0.019
AGGACTAG:CTAGTCCT	4	5.85	-2.07	0.019
AAATCTTA:TAAGATTT	99	144.82	-2.07	0.019
GTATAGCA:TGCTATAC	31	45.29	-2.06	0.020
ACCACAAG:CTTGTGGT	65	94.93	-2.06	0.020
ACCTAACC:GGTTAGGT	30	43.80	-2.06	0.020
CCCGAAGC:GCTTCGGG	74	108.01	-2.06	0.020
ACCTAGCT:AGCTAGGT	6	8.75	-2.05	0.020
ACCTCCTC:GAGGAGGT	23	33.52	-2.05	0.020
CCTACAAC:GTTGTAGG	65	94.73	-2.05	0.020
TCCGCCAA:TTGGCGGA	179	260.74	-2.05	0.020
CTCCTACC:GGTAGGAG	18	26.19	-2.04	0.021
CTCCCTTC:GAAGGGAG	60	87.24	-2.04	0.021
GTCGTATA:TATACGAC	25	36.33	-2.04	0.021
TCCAAACA:TGTTTGGA	34	49.40	-2.04	0.021
AAATCCTA:TAGGATTT	42	61.03	-2.04	0.021
CTCGTCTC:GAGACGAG	24	34.86	-2.04	0.021
GGTCCTAC:GTAGGACC	9	13.07	-2.03	0.021
CCCTTAGA:TCTAAGGG	9	13.06	-2.03	0.021
AGTACCTA:TAGGTACT	15	21.76	-2.03	0.021
CTAGCTAA:TTAGCTAG	13	18.86	-2.03	0.021
TAGATACA:TGTATCTA	29	42.06	-2.03	0.021
ACTAGTTC:GAACTAGT	10	14.49	-2.03	0.021
GGCGGACC:GGTCCGCC	65	94.19	-2.02	0.021
ATCCCCTC:GAGGGGAT	63	91.25	-2.02	0.022
AAGACTTA:TAAGTCTT	44	63.64	-2.02	0.022
ACCTACTC:GAGTAGGT	23	33.26	-2.01	0.022
CGGGACGA:TCGTCCCG	53	76.63	-2.01	0.022
ACTAGACG:CGTCTAGT	3	4.33	-2.01	0.022
TACTAGAA:TTCTAGTA	5	7.22	-2.01	0.022
ACCCTAG :CTAGGGT 	7	16.05	-2.84	0.002
CTTCCAA :TTGGAAG 	122	229.26	-2.38	0.009
CTAGGAA :TTCCTAG 	11	20.47	-2.36	0.009
CTTCTTA :TAAGAAG 	254	460.17	-2.29	0.011
CTAGAAG :CTTCTAG 	17	29.84	-2.20	0.014
ACTAGGG :CCCTAGT 	12	21.05	-2.20	0.014
GGCGCC  :GGCGCC  	143	9612.99	-5.87	0.000
GCCGGC  :GCCGGC  	369	8144.73	-5.68	0.000
GGGCCC  :GGGCCC  	85	1555.13	-5.63	0.000
GAGCTC  :GAGCTC  	177	2274.64	-5.48	0.000
CGGCCG  :CGGCCG  	302	3715.53	-5.46	0.000
CACGTG  :CACGTG  	217	2351.86	-5.39	0.000
AGCGCT  :AGCGCT  	848	7846.82	-5.30	0.000
CCGCGG  :CCGCGG  	718	6282.29	-5.26	0.000
CCCGGG  :CCCGGG  	517	4160.68	-5.20	0.000
CTGCAG  :CTGCAG  	1174	9234.32	-5.18	0.000
GTCGAC  :GTCGAC  	615	4762.87	-5.17	0.000
GCATGC  :GCATGC  	669	5158.61	-5.16	0.000
CTCGAG  :CTCGAG  	217	1659.12	-5.16	0.000
TCCGGA  :TCCGGA  	1133	7961.25	-5.08	0.000
GGATCC  :GGATCC  	577	4001.17	-5.07	0.000
GGTACC  :GGTACC  	603	4081.22	-5.05	0.000
TGGCCA  :TGGCCA  	820	5465.08	-5.04	0.000
CCATGG  :CCATGG  	667	4429.00	-5.03	0.000
AGGCCT  :AGGCCT  	607	3986.24	-5.02	0.000
CGTACG  :CGTACG  	614	3958.86	-5.01	0.000
AAGCTT  :AAGCTT  	603	3733.38	-4.97	0.000
AGTACT  :AGTACT  	457	2798.37	-4.95	0.000
CAGCTG  :CAGCTG  	1964	10850.39	-4.85	0.000
GAATTC  :GAATTC  	722	3865.16	-4.81	0.000
ATCGAT  :ATCGAT  	1549	8205.23	-4.80	0.000
GTGCAC  :GTGCAC  	643	3393.22	-4.79	0.000
TTGCAA  :TTGCAA  	1131	5848.81	-4.77	0.000
AAATTT  :AAATTT  	1934	9985.04	-4.77	0.000
CCTAGG  :CCTAGG  	19	95.98	-4.74	0.000
GCGCGC  :GCGCGC  	2716	13563.29	-4.73	0.000
GACGTC  :GACGTC  	795	3939.35	-4.72	0.000
TGCGCA  :TGCGCA  	2243	10796.60	-4.68	0.000
ATGCAT  :ATGCAT  	974	4635.85	-4.67	0.000
CTATAG  :CTATAG  	280	1320.10	-4.65	0.000
AGATCT  :AGATCT  	775	3648.23	-4.65	0.000
AACGTT  :AACGTT  	1892	8853.09	-4.64	0.000
CGCGCG  :CGCGCG  	2299	10734.47	-4.64	0.000
CGATCG  :CGATCG  	1486	6837.87	-4.62	0.000
ACATGT  :ACATGT  	544	2462.60	-4.60	0.000
ACTAGT  :ACTAGT  	83	362.82	-4.55	0.000
CATATG  :CATATG  	767	3325.45	-4.54	0.000
AATATT  :AATATT  	2388	10324.66	-4.54	0.000
TTATAA  :TTATAA  	1045	4483.99	-4.52	0.000
TTCGAA  :TTCGAA  	870	3683.57	-4.51	0.000
TCATGA  :TCATGA  	1291	5435.56	-4.50	0.000
TAATTA  :TAATTA  	1160	4808.47	-4.47	0.000
ATATAT  :ATATAT  	943	3868.62	-4.46	0.000
TCGCGA  :TCGCGA  	1519	6222.76	-4.46	0.000
ATTAAT  :ATTAAT  	2177	8871.49	-4.45	0.000
ACGCGT  :ACGCGT  	1419	5780.94	-4.45	0.000
TGATCA  :TGATCA  	1758	7131.00	-4.44	0.000
GTATAC  :GTATAC  	416	1684.23	-4.44	0.000
TGTACA  :TGTACA  	685	2749.36	-4.43	0.000
ACCGGT  :ACCGGT  	1972	7848.97	-4.41	0.000
CAATTG  :CAATTG  	1066	4183.88	-4.39	0.000
GTTAAC  :GTTAAC  	1779	6950.06	-4.38	0.000
TTTAAA  :TTTAAA  	1907	7427.90	-4.38	0.000
GCTAGC  :GCTAGC  	165	636.82	-4.36	0.000
TACGTA  :TACGTA  	583	2205.08	-4.33	0.000
GATATC  :GATATC  	2294	8615.60	-4.32	0.000
CTTAAG  :CTTAAG  	623	2151.26	-4.18	0.000
TATATA  :TATATA  	565	1889.05	-4.12	0.000
TAGCTA  :TAGCTA  	340	1079.87	-4.02	0.000
TCTAGA  :TCTAGA  	46	140.64	-3.94	0.000
AGGCCC  :GGGCCT  	919	2489.80	-3.69	0.000
GATATA  :TATATC  	1661	4034.26	-3.42	0.000
ACGCGA  :TCGCGT  	2509	5997.78	-3.38	0.000
GCTAGA  :TCTAGC  	127	299.28	-3.34	0.000
CAATTC  :GAATTG  	1776	4021.36	-3.24	0.001
ATGCAA  :TTGCAT  	2304	5207.13	-3.23	0.001
AGATCA  :TGATCT  	2274	5100.54	-3.21	0.001
GAGCCC  :GGGCTC  	409	914.47	-3.20	0.001
CTTAAA  :TTTAAG  	1794	3997.42	-3.19	0.001
ACATGA  :TCATGT  	1659	3658.63	-3.16	0.001
GAGACC  :GGTCTC  	366	805.34	-3.16	0.001
CGCGCA  :TGCGCG  	4906	10765.49	-3.15	0.001
CAGCTA  :TAGCTG  	1567	3423.00	-3.14	0.001
CAATTA  :TAATTG  	2081	4485.31	-3.10	0.001
AAGCTC  :GAGCTT  	1356	2914.12	-3.09	0.001
AACGTA  :TACGTT  	2062	4418.34	-3.08	0.001
GTGCAA  :TTGCAC  	2087	4454.92	-3.07	0.001
ACCGGA  :TCCGGT  	3723	7904.91	-3.06	0.001
CTCGAA  :TTCGAG  	1182	2472.14	-3.01	0.001
GACGTA  :TACGTC  	1410	2947.30	-3.01	0.001
CGTACA  :TGTACG  	1591	3299.14	-2.99	0.001
ATATAC  :GTATAT  	1239	2552.58	-2.97	0.002
CATATC  :GATATG  	2615	5352.64	-2.95	0.002
ACCGGG  :CCCGGT  	2794	5714.64	-2.95	0.002
GTTAAA  :TTTAAC  	3515	7185.01	-2.94	0.002
ATTAAC  :GTTAAT  	3856	7852.22	-2.93	0.002
ATTAAG  :CTTAAT  	2154	4368.62	-2.92	0.002
CCCGGA  :TCCGGG  	2874	5755.37	-2.88	0.002
GAGCTA  :TAGCTC  	783	1567.26	-2.88	0.002
ACTAGA  :TCTAGT  	113	225.90	-2.88	0.002
ATATAG  :CTATAT  	1132	2259.86	-2.87	0.002
CCATGA  :TCATGG  	2460	4906.54	-2.87	0.002
CGATCA  :TGATCG  	3502	6982.89	-2.87	0.002
AAGCTA  :TAGCTT  	1009	2007.87	-2.86	0.002
GTATAA  :TTATAC  	1383	2748.10	-2.86	0.002
GGTACA  :TGTACC  	1691	3349.74	-2.85	0.002
ATGCAC  :GTGCAT  	2010	3966.17	-2.84	0.002
AGCGCG  :CGCGCT  	4653	9177.77	-2.83	0.002
CCTAGA  :TCTAGG  	59	116.18	-2.83	0.002
GCGCGA  :TCGCGC  	4676	9187.00	-2.82	0.002
CCTAGC  :GCTAGG  	126	247.23	-2.82	0.002
GTCGAA  :TTCGAC  	2135	4188.60	-2.82	0.002
AGCGCA  :TGCGCT  	4709	9204.29	-2.81	0.003
AATATC  :GATATT  	4853	9431.50	-2.79	0.003
CTTAAC  :GTTAAG  	1998	3866.70	-2.77	0.003
AGTACA  :TGTACT  	1434	2773.76	-2.77	0.003
ACTAGC  :GCTAGT  	249	480.68	-2.77	0.003
ATATAA  :TTATAT  	2166	4164.95	-2.75	0.003
ATCGAA  :TTCGAT  	2864	5497.68	-2.75	0.003
AAATTA  :TAATTT  	3610	6929.12	-2.75	0.003
CATATA  :TATATG  	1309	2506.38	-2.74	0.003
ATTAAA  :TTTAAT  	4241	8117.67	-2.74	0.003
AATATG  :CATATT  	3064	5859.53	-2.74	0.003
GAATTA  :TAATTC  	2256	4311.09	-2.73	0.003
CTATAA  :TTATAG  	1276	2432.96	-2.73	0.003
CTATAC  :GTATAG  	784	1491.09	-2.72	0.003
AATATA  :TATATT  	2323	4416.31	-2.72	0.003
ATCGAG  :CTCGAT  	1959	3689.65	-2.69	0.004
ACGCGC  :GCGCGT  	4720	8854.86	-2.67	0.004
CGGCCA  :TGGCCG  	2407	4506.18	-2.67	0.004
ACCGGC  :GCCGGT  	4271	7995.48	-2.67	0.004
ACTAGG  :CCTAGT  	100	186.61	-2.66	0.004
ACATGG  :CCATGT  	1774	3302.55	-2.65	0.004
CGATCC  :GGATCG  	2824	5230.63	-2.63	0.004
CACGTC  :GACGTG  	1646	3043.82	-2.63	0.004
ACGCGG  :CCGCGT  	3263	6026.41	-2.62	0.004
AGATCG  :CGATCT  	2725	4994.61	-2.60	0.005
ACATGC  :GCATGT  	1973	3564.21	-2.55	0.005
AACGTC  :GACGTT  	3272	5905.54	-2.54	0.005
AAATTG  :CAATTT  	3588	6463.45	-2.54	0.006
GCATGA  :TCATGC  	2947	5295.27	-2.53	0.006
GGATCA  :TGATCC  	2986	5341.57	-2.51	0.006
AGTACG  :CGTACT  	1879	3328.42	-2.48	0.007
CACGTA  :TACGTG  	1286	2277.29	-2.48	0.007
AGTACC  :GGTACT  	1913	3379.46	-2.47	0.007
CCGCGA  :TCGCGG  	3607	6252.45	-2.40	0.008
AGATCC  :GGATCT  	2233	3820.63	-2.36	0.009
CTGCAC  :GTGCAG  	3323	5597.69	-2.30	0.011
ATGCAG  :CTGCAT  	3914	6542.85	-2.27	0.012
AAATTC  :GAATTT  	3729	6212.39	-2.26	0.012
AACGTG  :CACGTT  	2752	4563.03	-2.24	0.013
CCGCGC  :GCGCGG  	5590	9230.85	-2.23	0.013
AGGCCA  :TGGCCT  	2872	4667.45	-2.17	0.015
CGCGCC  :GGCGCG  	6261	10158.27	-2.16	0.015
AAGCTG  :CAGCTT  	3939	6364.63	-2.14	0.016
CTCGAC  :GTCGAG  	1741	2811.09	-2.14	0.016
ATCGAC  :GTCGAT  	3901	6251.44	-2.11	0.017
GGCGCA  :TGCGCC  	6376	10187.62	-2.10	0.018
GGGCCA  :TGGCCC  	1858	2915.29	-2.03	0.021
CTAG    :CTAG    	1087	14983.75	-2.88	0.002
GGCC    :GGCC    	14096	100365.70	-2.63	0.004
TATA    :TATA    	10664	59968.74	-2.50	0.006
GATC    :GATC    	21140	107239.90	-2.42	0.008
AGCT    :AGCT    	15107	76189.35	-2.42	0.008
CATG    :CATG    	17125	84961.66	-2.41	0.008
CGCG    :CGCG    	30737	151023.48	-2.40	0.008
TGCA    :TGCA    	22337	106382.30	-2.38	0.009
AATT    :AATT    	21922	100907.06	-2.35	0.009
GCGC    :GCGC    	38837	167895.90	-2.30	0.011
ACGT    :ACGT    	15915	68452.33	-2.30	0.011
GTAC    :GTAC    	13472	57658.47	-2.29	0.011
TTAA    :TTAA    	24044	100893.67	-2.27	0.011
ATAT    :ATAT    	21839	87795.87	-2.24	0.013
TCGA    :TCGA    	17033	64391.29	-2.18	0.015
CCGG    :CCGG    	27651	99242.86	-2.13	0.017
